<?xml version="1.0" encoding="UTF-8"?>
<testng-results ignored="0" total="1" passed="1" failed="0" skipped="0">
  <reporter-output>
  </reporter-output>
  <suite started-at="2023-06-21T22:24:30 IST" name="Default suite" finished-at="2023-06-21T22:25:18 IST" duration-ms="47600">
    <groups>
    </groups>
    <test started-at="2023-06-21T22:24:30 IST" name="Default test" finished-at="2023-06-21T22:25:18 IST" duration-ms="47600">
      <class name="test.Amazonhometest">
        <test-method is-config="true" signature="setup()[pri:0, instance:test.Amazonhometest@5a45133e]" started-at="2023-06-21T22:24:30 IST" name="setup" finished-at="2023-06-21T22:24:47 IST" duration-ms="17143" status="PASS">
          <reporter-output>
          </reporter-output>
        </test-method> <!-- setup -->
        <test-method signature="test()[pri:0, instance:test.Amazonhometest@5a45133e]" started-at="2023-06-21T22:24:47 IST" name="test" finished-at="2023-06-21T22:25:18 IST" duration-ms="30342" status="PASS">
          <reporter-output>
          </reporter-output>
        </test-method> <!-- test -->
      </class> <!-- test.Amazonhometest -->
    </test> <!-- Default test -->
  </suite> <!-- Default suite -->
</testng-results>
